
Showing logs for build [32mcb-kubecd-environment-pr-124-25-2bprn-1[0m stage [32mfrom-build-pack[0m and container [32mstep-credential-initializer-cpblc[0m
{"level":"warn","ts":1578358328.3043644,"logger":"fallback-logger","caller":"logging/config.go:69","msg":"Fetch GitHub commit ID from kodata failed: \"ref: refs/heads/0.8.0-**-support-backwards-incompats\" is not a valid GitHub commit ID"}
{"level":"info","ts":1578358328.305175,"logger":"fallback-logger","caller":"creds-init/main.go:40","msg":"Credentials initialized."}

Showing logs for build [32mcb-kubecd-environment-pr-124-25-2bprn-1[0m stage [32mfrom-build-pack[0m and container [32mstep-working-dir-initializer-m76r6[0m
{"level":"warn","ts":1578358329.2675586,"logger":"fallback-logger","caller":"logging/config.go:69","msg":"Fetch GitHub commit ID from kodata failed: open /var/run/ko/HEAD: no such file or directory"}
{"level":"info","ts":1578358329.2696862,"logger":"fallback-logger","caller":"bash/main.go:64","msg":"Successfully executed command \"sh -c mkdir -p /workspace/source\"; output "}

Showing logs for build [32mcb-kubecd-environment-pr-124-25-2bprn-1[0m stage [32mfrom-build-pack[0m and container [32mstep-place-tools[0m

Showing logs for build [32mcb-kubecd-environment-pr-124-25-2bprn-1[0m stage [32mfrom-build-pack[0m and container [32mstep-git-source-cb-kubecd-environment-pr-124-25-hcpbw[0m
{"level":"warn","ts":1578358334.6076782,"logger":"fallback-logger","caller":"logging/config.go:69","msg":"Fetch GitHub commit ID from kodata failed: \"ref: refs/heads/0.8.0-**-support-backwards-incompats\" is not a valid GitHub commit ID"}
{"level":"info","ts":1578358335.7474384,"logger":"fallback-logger","caller":"git/git.go:103","msg":"Successfully cloned https://github.com/cb-kubecd/environment-pr-124-25-gke-upgrade-staging.git @ master in path /workspace/source"}

Showing logs for build [32mcb-kubecd-environment-pr-124-25-2bprn-1[0m stage [32mfrom-build-pack[0m and container [32mstep-git-merge[0m
Using SHAs from PULL_REFS=master:8320eda911707edb4b7aef7467457a6f32b8da1d,1:7af29ab1e527990acecab614ee5f2dfe93907348
DEBUG: ran git fetch --unshallow origin 7af29ab1e527990acecab614ee5f2dfe93907348: 8320eda911707edb4b7aef7467457a6f32b8da1d: in 
DEBUG: ran git checkout master in 
DEBUG: ran git reset --hard 8320eda911707edb4b7aef7467457a6f32b8da1d in 
DEBUG: ran clean --force -d . in 
DEBUG: ran git merge 7af29ab1e527990acecab614ee5f2dfe93907348 in 
Merged SHA 7af29ab1e527990acecab614ee5f2dfe93907348 with commit message 'chore: Promote bdd-spring-1578358041 to version 0.0.1' into base branch master

Showing logs for build [32mcb-kubecd-environment-pr-124-25-2bprn-1[0m stage [32mfrom-build-pack[0m and container [32mstep-build-helm-build[0m
WARNING: No $CHART_REPOSITORY defined so using the default value of: http://jenkins-x-chartmuseum:8080
Adding missing Helm repo: storage.googleapis.com https://storage.googleapis.com/chartmuseum.jenkins-x.io
WARNING: No secrets found on "helm/repos" due: reading the secret "helm/repos" from vault: no secret "helm/repos" not found in vault
Read credentials for https://storage.googleapis.com/chartmuseum.jenkins-x.io from vault helm/repos
Successfully added Helm repository storage.googleapis.com.
Adding missing Helm repo: jenkins-x-chartmuseum http://jenkins-x-chartmuseum:8080
WARNING: No secrets found on "helm/repos" due: reading the secret "helm/repos" from vault: no secret "helm/repos" not found in vault
Read credentials for http://jenkins-x-chartmuseum:8080 from vault helm/repos
Successfully added Helm repository jenkins-x-chartmuseum.
WARNING: No $CHART_REPOSITORY defined so using the default value of: http://jenkins-x-chartmuseum:8080
Adding missing Helm repo: chartmuseum.jenkins-x.io http://chartmuseum.jenkins-x.io
WARNING: No secrets found on "helm/repos" due: reading the secret "helm/repos" from vault: no secret "helm/repos" not found in vault
Read credentials for http://chartmuseum.jenkins-x.io from vault helm/repos
Successfully added Helm repository chartmuseum.jenkins-x.io.
